<html>
<head>
<title>TestNG:  Surefire test</title>
<link href="../testng.css" rel="stylesheet" type="text/css" />
<link href="../my-testng.css" rel="stylesheet" type="text/css" />

<style type="text/css">
.log { display: none;} 
.stack-trace { display: none;} 
</style>
<script type="text/javascript">
<!--
function flip(e) {
  current = e.style.display;
  if (current == 'block') {
    e.style.display = 'none';
    return 0;
  }
  else {
    e.style.display = 'block';
    return 1;
  }
}

function toggleBox(szDivId, elem, msg1, msg2)
{
  var res = -1;  if (document.getElementById) {
    res = flip(document.getElementById(szDivId));
  }
  else if (document.all) {
    // this is the way old msie versions work
    res = flip(document.all[szDivId]);
  }
  if(elem) {
    if(res == 0) elem.innerHTML = msg1; else elem.innerHTML = msg2;
  }

}

function toggleAllBoxes() {
  if (document.getElementsByTagName) {
    d = document.getElementsByTagName('div');
    for (i = 0; i < d.length; i++) {
      if (d[i].className == 'log') {
        flip(d[i]);
      }
    }
  }
}

// -->
</script>

</head>
<body>
<h2 align='center'>Surefire test</h2><table border='1' align="center">
<tr>
<td>Tests passed/Failed/Skipped:</td><td>48/0/0</td>
</tr><tr>
<td>Started on:</td><td>Tue Sep 24 15:52:56 GMT 2024</td>
</tr>
<tr><td>Total time:</td><td>3 seconds (3928 ms)</td>
</tr><tr>
<td>Included groups:</td><td></td>
</tr><tr>
<td>Excluded groups:</td><td></td>
</tr>
</table><p/>
<small><i>(Hover the method name to see the test class name)</i></small><p/>
<table width='100%' border='1' class='invocation-passed'>
<tr><td colspan='4' align='center'><b>PASSED TESTS</b></td></tr>
<tr><td><b>Test method</b></td>
<td><b>Attribute(s)</b></td>
<td width="30%"><b>Exception</b></td>
<td width="10%"><b>Time (seconds)</b></td>
<td><b>Instance</b></td>
</tr>
<tr>
<td title='org.openapitools.codegen.cmd.GenerateBatchTest.testDeserializerWithJsonInclude()'><b>testDeserializerWithJsonInclude</b><br>Test class: org.openapitools.codegen.cmd.GenerateBatchTest<br>Parameters: jaxrs-datelib-j8.yaml</td>
<td></td>
<td>0</td>
<td>org.openapitools.codegen.cmd.GenerateBatchTest@1b3a95d9</td></tr>
<tr>
<td title='org.openapitools.codegen.cmd.utils.OptionUtilsTest.splitCommaSeparatedList()'><b>splitCommaSeparatedList</b><br>Test class: org.openapitools.codegen.cmd.utils.OptionUtilsTest</td>
<td></td>
<td>0</td>
<td>org.openapitools.codegen.cmd.utils.OptionUtilsTest@3f1dadeb</td></tr>
<tr>
<td title='org.openapitools.codegen.cmd.GenerateBatchTest.testDeserializerWithJsonInclude()'><b>testDeserializerWithJsonInclude</b><br>Test class: org.openapitools.codegen.cmd.GenerateBatchTest<br>Parameters: jaxrs-datelib-j8-nested-property-merge.yaml</td>
<td></td>
<td>0</td>
<td>org.openapitools.codegen.cmd.GenerateBatchTest@1b3a95d9</td></tr>
<tr>
<td title='org.openapitools.codegen.cmd.GenerateTest.testTypeMappingsLong()'><b>testTypeMappingsLong</b><br>Test class: org.openapitools.codegen.cmd.GenerateTest</td>
<td></td>
<td>0</td>
<td>org.openapitools.codegen.cmd.GenerateTest@60003305</td></tr>
<tr>
<td title='org.openapitools.codegen.cmd.GenerateTest.testImportMappingsLongMultiple()'><b>testImportMappingsLongMultiple</b><br>Test class: org.openapitools.codegen.cmd.GenerateTest</td>
<td></td>
<td>0</td>
<td>org.openapitools.codegen.cmd.GenerateTest@60003305</td></tr>
<tr>
<td title='org.openapitools.codegen.cmd.GenerateTest.testRequiredArgs_ShortArgs()'><b>testRequiredArgs_ShortArgs</b><br>Test class: org.openapitools.codegen.cmd.GenerateTest</td>
<td></td>
<td>0</td>
<td>org.openapitools.codegen.cmd.GenerateTest@60003305</td></tr>
<tr>
<td title='org.openapitools.codegen.cmd.GenerateTest.testTemplateDirLong()'><b>testTemplateDirLong</b><br>Test class: org.openapitools.codegen.cmd.GenerateTest</td>
<td></td>
<td>0</td>
<td>org.openapitools.codegen.cmd.GenerateTest@60003305</td></tr>
<tr>
<td title='org.openapitools.codegen.cmd.GenerateTest.testStrictSpecFalse()'><b>testStrictSpecFalse</b><br>Test class: org.openapitools.codegen.cmd.GenerateTest</td>
<td></td>
<td>0</td>
<td>org.openapitools.codegen.cmd.GenerateTest@60003305</td></tr>
<tr>
<td title='org.openapitools.codegen.cmd.GenerateTest.testAdditionalPropertiesLong()'><b>testAdditionalPropertiesLong</b><br>Test class: org.openapitools.codegen.cmd.GenerateTest</td>
<td></td>
<td>0</td>
<td>org.openapitools.codegen.cmd.GenerateTest@60003305</td></tr>
<tr>
<td title='org.openapitools.codegen.cmd.GenerateTest.testInstantiationTypesLong()'><b>testInstantiationTypesLong</b><br>Test class: org.openapitools.codegen.cmd.GenerateTest</td>
<td></td>
<td>0</td>
<td>org.openapitools.codegen.cmd.GenerateTest@60003305</td></tr>
<tr>
<td title='org.openapitools.codegen.cmd.GenerateTest.testConfigJsonShort()'><b>testConfigJsonShort</b><br>Test class: org.openapitools.codegen.cmd.GenerateTest</td>
<td></td>
<td>0</td>
<td>org.openapitools.codegen.cmd.GenerateTest@60003305</td></tr>
<tr>
<td title='org.openapitools.codegen.cmd.GenerateTest.testSkipOverwriteLong()'><b>testSkipOverwriteLong</b><br>Test class: org.openapitools.codegen.cmd.GenerateTest</td>
<td></td>
<td>0</td>
<td>org.openapitools.codegen.cmd.GenerateTest@60003305</td></tr>
<tr>
<td title='org.openapitools.codegen.cmd.GenerateTest.testModelPackage()'><b>testModelPackage</b><br>Test class: org.openapitools.codegen.cmd.GenerateTest</td>
<td></td>
<td>0</td>
<td>org.openapitools.codegen.cmd.GenerateTest@60003305</td></tr>
<tr>
<td title='org.openapitools.codegen.cmd.GenerateBatchTest.testDeserializerWithJsonInclude()'><b>testDeserializerWithJsonInclude</b><br>Test class: org.openapitools.codegen.cmd.GenerateBatchTest<br>Parameters: jaxrs-datelib-j8-nested.json</td>
<td></td>
<td>0</td>
<td>org.openapitools.codegen.cmd.GenerateBatchTest@1b3a95d9</td></tr>
<tr>
<td title='org.openapitools.codegen.cmd.GenerateBatchTest.testDeserializerWithJsonInclude()'><b>testDeserializerWithJsonInclude</b><br>Test class: org.openapitools.codegen.cmd.GenerateBatchTest<br>Parameters: jaxrs-datelib-j8-double.json</td>
<td></td>
<td>0</td>
<td>org.openapitools.codegen.cmd.GenerateBatchTest@1b3a95d9</td></tr>
<tr>
<td title='org.openapitools.codegen.cmd.GenerateTest.testGroupId()'><b>testGroupId</b><br>Test class: org.openapitools.codegen.cmd.GenerateTest</td>
<td></td>
<td>0</td>
<td>org.openapitools.codegen.cmd.GenerateTest@60003305</td></tr>
<tr>
<td title='org.openapitools.codegen.cmd.GenerateTest.testTemplateDirMustExist()'><b>testTemplateDirMustExist</b><br>Test class: org.openapitools.codegen.cmd.GenerateTest</td>
<td><div><pre>java.lang.IllegalArgumentException: Template directory src/main/resources/customTemplates does not exist.
	at org.openapitools.codegen.config.WorkflowSettings$Builder.withTemplateDir(WorkflowSettings.java:500)
	at org.openapitools.codegen.config.CodegenConfigurator.setTemplateDir(CodegenConfigurator.java:615)
	at org.openapitools.codegen.cmd.Generate.execute(Generate.java:406)
	at org.openapitools.codegen.cmd.OpenApiGeneratorCommand.run(OpenApiGeneratorCommand.java:32)
	at org.openapitools.codegen.cmd.GenerateTest.setupAndRunTest(GenerateTest.java:121)
	at org.openapitools.codegen.cmd.GenerateTest.setupAndRunGenericTest(GenerateTest.java:98)
	at org.openapitools.codegen.cmd.GenerateTest.testTemplateDirMustExist(GenerateTest.java:375)
	at java.base/java.util.concurrent.Executors$RunnableAdapter.call(Executors.java:515)
	at java.base/java.util.concurrent.FutureTask.run(FutureTask.java:264)
	at java.base/java.util.concurrent.ThreadPoolExecutor.runWorker(ThreadPoolExecutor.java:1128)
	at java.base/java.util.concurrent.ThreadPoolExecutor$Worker.run(ThreadPoolExecutor.java:628)
	at java.base/java.lang.Thread.run(Thread.java:829)
... Removed 13 stack frames</pre></div><a href='#' onClick='toggleBox("stack-trace1224132441", this, "Click to show all stack frames", "Click to hide stack frames")'>Click to show all stack frames</a>
<div class='stack-trace' id='stack-trace1224132441'><pre>java.lang.IllegalArgumentException: Template directory src/main/resources/customTemplates does not exist.
	at org.openapitools.codegen.config.WorkflowSettings$Builder.withTemplateDir(WorkflowSettings.java:500)
	at org.openapitools.codegen.config.CodegenConfigurator.setTemplateDir(CodegenConfigurator.java:615)
	at org.openapitools.codegen.cmd.Generate.execute(Generate.java:406)
	at org.openapitools.codegen.cmd.OpenApiGeneratorCommand.run(OpenApiGeneratorCommand.java:32)
	at org.openapitools.codegen.cmd.GenerateTest.setupAndRunTest(GenerateTest.java:121)
	at org.openapitools.codegen.cmd.GenerateTest.setupAndRunGenericTest(GenerateTest.java:98)
	at org.openapitools.codegen.cmd.GenerateTest.testTemplateDirMustExist(GenerateTest.java:375)
	at java.base/jdk.internal.reflect.NativeMethodAccessorImpl.invoke0(Native Method)
	at java.base/jdk.internal.reflect.NativeMethodAccessorImpl.invoke(NativeMethodAccessorImpl.java:62)
	at java.base/jdk.internal.reflect.DelegatingMethodAccessorImpl.invoke(DelegatingMethodAccessorImpl.java:43)
	at java.base/java.lang.reflect.Method.invoke(Method.java:566)
	at org.testng.internal.invokers.MethodInvocationHelper.invokeMethod(MethodInvocationHelper.java:141)
	at org.testng.internal.invokers.TestInvoker.invokeMethod(TestInvoker.java:686)
	at org.testng.internal.invokers.TestInvoker.invokeTestMethod(TestInvoker.java:230)
	at org.testng.internal.invokers.MethodRunner.runInSequence(MethodRunner.java:63)
	at org.testng.internal.invokers.TestInvoker$MethodInvocationAgent.invoke(TestInvoker.java:992)
	at org.testng.internal.invokers.TestInvoker.invokeTestMethods(TestInvoker.java:203)
	at org.testng.internal.invokers.TestMethodWorker.invokeTestMethods(TestMethodWorker.java:154)
	at org.testng.internal.invokers.TestMethodWorker.run(TestMethodWorker.java:134)
	at java.base/java.util.concurrent.Executors$RunnableAdapter.call(Executors.java:515)
	at java.base/java.util.concurrent.FutureTask.run(FutureTask.java:264)
	at org.testng.internal.thread.graph.TestNGFutureTask.run(TestNGFutureTask.java:22)
	at java.base/java.util.concurrent.ThreadPoolExecutor.runWorker(ThreadPoolExecutor.java:1128)
	at java.base/java.util.concurrent.ThreadPoolExecutor$Worker.run(ThreadPoolExecutor.java:628)
	at java.base/java.lang.Thread.run(Thread.java:829)
</pre></div></td>
<td>0</td>
<td>org.openapitools.codegen.cmd.GenerateTest@60003305</td></tr>
<tr>
<td title='org.openapitools.codegen.cmd.GenerateTest.testRequiredArgs_LongArgs()'><b>testRequiredArgs_LongArgs</b><br>Test class: org.openapitools.codegen.cmd.GenerateTest</td>
<td></td>
<td>0</td>
<td>org.openapitools.codegen.cmd.GenerateTest@60003305</td></tr>
<tr>
<td title='org.openapitools.codegen.cmd.GenerateTest.testApiPackage()'><b>testApiPackage</b><br>Test class: org.openapitools.codegen.cmd.GenerateTest</td>
<td></td>
<td>0</td>
<td>org.openapitools.codegen.cmd.GenerateTest@60003305</td></tr>
<tr>
<td title='org.openapitools.codegen.cmd.GenerateTest.testAdditionalPropertiesLongMultiple()'><b>testAdditionalPropertiesLongMultiple</b><br>Test class: org.openapitools.codegen.cmd.GenerateTest</td>
<td></td>
<td>0</td>
<td>org.openapitools.codegen.cmd.GenerateTest@60003305</td></tr>
<tr>
<td title='org.openapitools.codegen.cmd.GenerateBatchTest.testDeserializerWithJsonInclude()'><b>testDeserializerWithJsonInclude</b><br>Test class: org.openapitools.codegen.cmd.GenerateBatchTest<br>Parameters: jaxrs-datelib-j8-json-include.yaml</td>
<td></td>
<td>0</td>
<td>org.openapitools.codegen.cmd.GenerateBatchTest@1b3a95d9</td></tr>
<tr>
<td title='org.openapitools.codegen.cmd.GenerateTest.testAuthLong()'><b>testAuthLong</b><br>Test class: org.openapitools.codegen.cmd.GenerateTest</td>
<td></td>
<td>0</td>
<td>org.openapitools.codegen.cmd.GenerateTest@60003305</td></tr>
<tr>
<td title='org.openapitools.codegen.cmd.GenerateTest.testArtifactId()'><b>testArtifactId</b><br>Test class: org.openapitools.codegen.cmd.GenerateTest</td>
<td></td>
<td>0</td>
<td>org.openapitools.codegen.cmd.GenerateTest@60003305</td></tr>
<tr>
<td title='org.openapitools.codegen.cmd.GenerateTest.testVerboseShort()'><b>testVerboseShort</b><br>Test class: org.openapitools.codegen.cmd.GenerateTest</td>
<td></td>
<td>0</td>
<td>org.openapitools.codegen.cmd.GenerateTest@60003305</td></tr>
<tr>
<td title='org.openapitools.codegen.cmd.GenerateTest.testAuthShort()'><b>testAuthShort</b><br>Test class: org.openapitools.codegen.cmd.GenerateTest</td>
<td></td>
<td>0</td>
<td>org.openapitools.codegen.cmd.GenerateTest@60003305</td></tr>
<tr>
<td title='org.openapitools.codegen.cmd.GenerateBatchTest.testDeserializerWithJsonInclude()'><b>testDeserializerWithJsonInclude</b><br>Test class: org.openapitools.codegen.cmd.GenerateBatchTest<br>Parameters: jaxrs-datelib-j8.json</td>
<td></td>
<td>2</td>
<td>org.openapitools.codegen.cmd.GenerateBatchTest@1b3a95d9</td></tr>
<tr>
<td title='org.openapitools.codegen.cmd.AuthorTemplateTest.smokeTestAuthorTemplateCommand()'><b>smokeTestAuthorTemplateCommand</b><br>Test class: org.openapitools.codegen.cmd.AuthorTemplateTest</td>
<td></td>
<td>1</td>
<td>org.openapitools.codegen.cmd.AuthorTemplateTest@35e357b</td></tr>
<tr>
<td title='org.openapitools.codegen.cmd.GenerateTest.testTemplateDirShort()'><b>testTemplateDirShort</b><br>Test class: org.openapitools.codegen.cmd.GenerateTest</td>
<td></td>
<td>0</td>
<td>org.openapitools.codegen.cmd.GenerateTest@60003305</td></tr>
<tr>
<td title='org.openapitools.codegen.cmd.GenerateTest.testArtifactVersion()'><b>testArtifactVersion</b><br>Test class: org.openapitools.codegen.cmd.GenerateTest</td>
<td></td>
<td>0</td>
<td>org.openapitools.codegen.cmd.GenerateTest@60003305</td></tr>
<tr>
<td title='org.openapitools.codegen.cmd.GenerateTest.testSkipOverwriteShort()'><b>testSkipOverwriteShort</b><br>Test class: org.openapitools.codegen.cmd.GenerateTest</td>
<td></td>
<td>0</td>
<td>org.openapitools.codegen.cmd.GenerateTest@60003305</td></tr>
<tr>
<td title='org.openapitools.codegen.cmd.GenerateTest.testInstantiationTypesLongMultiple()'><b>testInstantiationTypesLongMultiple</b><br>Test class: org.openapitools.codegen.cmd.GenerateTest</td>
<td></td>
<td>0</td>
<td>org.openapitools.codegen.cmd.GenerateTest@60003305</td></tr>
<tr>
<td title='org.openapitools.codegen.cmd.GenerateTest.testVerboseLong()'><b>testVerboseLong</b><br>Test class: org.openapitools.codegen.cmd.GenerateTest</td>
<td></td>
<td>0</td>
<td>org.openapitools.codegen.cmd.GenerateTest@60003305</td></tr>
<tr>
<td title='org.openapitools.codegen.cmd.GenerateTest.testLibrary()'><b>testLibrary</b><br>Test class: org.openapitools.codegen.cmd.GenerateTest</td>
<td></td>
<td>0</td>
<td>org.openapitools.codegen.cmd.GenerateTest@60003305</td></tr>
<tr>
<td title='org.openapitools.codegen.cmd.GenerateTest.testImportMappingsLong()'><b>testImportMappingsLong</b><br>Test class: org.openapitools.codegen.cmd.GenerateTest</td>
<td></td>
<td>0</td>
<td>org.openapitools.codegen.cmd.GenerateTest@60003305</td></tr>
<tr>
<td title='org.openapitools.codegen.cmd.utils.OptionUtilsTest.testParseCommaSeparatedTuples()'><b>testParseCommaSeparatedTuples</b><br>Test class: org.openapitools.codegen.cmd.utils.OptionUtilsTest</td>
<td></td>
<td>0</td>
<td>org.openapitools.codegen.cmd.utils.OptionUtilsTest@3f1dadeb</td></tr>
<tr>
<td title='org.openapitools.codegen.cmd.GenerateTest.testLanguageSpecificPrimitives()'><b>testLanguageSpecificPrimitives</b><br>Test class: org.openapitools.codegen.cmd.GenerateTest</td>
<td></td>
<td>0</td>
<td>org.openapitools.codegen.cmd.GenerateTest@60003305</td></tr>
<tr>
<td title='org.openapitools.codegen.cmd.GenerateBatchTest.testDeserializerWithJsonInclude()'><b>testDeserializerWithJsonInclude</b><br>Test class: org.openapitools.codegen.cmd.GenerateBatchTest<br>Parameters: jaxrs-datelib-j8-double.yaml</td>
<td></td>
<td>0</td>
<td>org.openapitools.codegen.cmd.GenerateBatchTest@1b3a95d9</td></tr>
<tr>
<td title='org.openapitools.codegen.cmd.GenerateTest.testConfigYamlLong()'><b>testConfigYamlLong</b><br>Test class: org.openapitools.codegen.cmd.GenerateTest</td>
<td></td>
<td>0</td>
<td>org.openapitools.codegen.cmd.GenerateTest@60003305</td></tr>
<tr>
<td title='org.openapitools.codegen.cmd.GenerateTest.testNPEWithInvalidSpecFile()'><b>testNPEWithInvalidSpecFile</b><br>Test class: org.openapitools.codegen.cmd.GenerateTest</td>
<td><div><pre>org.openapitools.codegen.SpecValidationException: There were issues with the specification. The option can be disabled via validateSpec (Maven/Gradle) or --skip-validate-spec (CLI).
 | Error count: 1, Warning count: 0
Errors: 
	-null

	at org.openapitools.codegen.config.CodegenConfigurator.toContext(CodegenConfigurator.java:717)
	at org.openapitools.codegen.config.CodegenConfigurator.toClientOptInput(CodegenConfigurator.java:744)
	at org.openapitools.codegen.cmd.Generate.execute(Generate.java:527)
	at org.openapitools.codegen.cmd.OpenApiGeneratorCommand.run(OpenApiGeneratorCommand.java:32)
	at org.openapitools.codegen.cmd.GenerateTest.setupAndRunTest(GenerateTest.java:121)
	at org.openapitools.codegen.cmd.GenerateTest.testNPEWithInvalidSpecFile(GenerateTest.java:440)
	at java.base/java.util.concurrent.Executors$RunnableAdapter.call(Executors.java:515)
	at java.base/java.util.concurrent.FutureTask.run(FutureTask.java:264)
	at java.base/java.util.concurrent.ThreadPoolExecutor.runWorker(ThreadPoolExecutor.java:1128)
	at java.base/java.util.concurrent.ThreadPoolExecutor$Worker.run(ThreadPoolExecutor.java:628)
	at java.base/java.lang.Thread.run(Thread.java:829)
... Removed 13 stack frames</pre></div><a href='#' onClick='toggleBox("stack-trace1085591379", this, "Click to show all stack frames", "Click to hide stack frames")'>Click to show all stack frames</a>
<div class='stack-trace' id='stack-trace1085591379'><pre>org.openapitools.codegen.SpecValidationException: There were issues with the specification. The option can be disabled via validateSpec (Maven/Gradle) or --skip-validate-spec (CLI).
 | Error count: 1, Warning count: 0
Errors: 
	-null

	at org.openapitools.codegen.config.CodegenConfigurator.toContext(CodegenConfigurator.java:717)
	at org.openapitools.codegen.config.CodegenConfigurator.toClientOptInput(CodegenConfigurator.java:744)
	at org.openapitools.codegen.cmd.Generate.execute(Generate.java:527)
	at org.openapitools.codegen.cmd.OpenApiGeneratorCommand.run(OpenApiGeneratorCommand.java:32)
	at org.openapitools.codegen.cmd.GenerateTest.setupAndRunTest(GenerateTest.java:121)
	at org.openapitools.codegen.cmd.GenerateTest.testNPEWithInvalidSpecFile(GenerateTest.java:440)
	at java.base/jdk.internal.reflect.NativeMethodAccessorImpl.invoke0(Native Method)
	at java.base/jdk.internal.reflect.NativeMethodAccessorImpl.invoke(NativeMethodAccessorImpl.java:62)
	at java.base/jdk.internal.reflect.DelegatingMethodAccessorImpl.invoke(DelegatingMethodAccessorImpl.java:43)
	at java.base/java.lang.reflect.Method.invoke(Method.java:566)
	at org.testng.internal.invokers.MethodInvocationHelper.invokeMethod(MethodInvocationHelper.java:141)
	at org.testng.internal.invokers.TestInvoker.invokeMethod(TestInvoker.java:686)
	at org.testng.internal.invokers.TestInvoker.invokeTestMethod(TestInvoker.java:230)
	at org.testng.internal.invokers.MethodRunner.runInSequence(MethodRunner.java:63)
	at org.testng.internal.invokers.TestInvoker$MethodInvocationAgent.invoke(TestInvoker.java:992)
	at org.testng.internal.invokers.TestInvoker.invokeTestMethods(TestInvoker.java:203)
	at org.testng.internal.invokers.TestMethodWorker.invokeTestMethods(TestMethodWorker.java:154)
	at org.testng.internal.invokers.TestMethodWorker.run(TestMethodWorker.java:134)
	at java.base/java.util.concurrent.Executors$RunnableAdapter.call(Executors.java:515)
	at java.base/java.util.concurrent.FutureTask.run(FutureTask.java:264)
	at org.testng.internal.thread.graph.TestNGFutureTask.run(TestNGFutureTask.java:22)
	at java.base/java.util.concurrent.ThreadPoolExecutor.runWorker(ThreadPoolExecutor.java:1128)
	at java.base/java.util.concurrent.ThreadPoolExecutor$Worker.run(ThreadPoolExecutor.java:628)
	at java.base/java.lang.Thread.run(Thread.java:829)
</pre></div></td>
<td>0</td>
<td>org.openapitools.codegen.cmd.GenerateTest@60003305</td></tr>
<tr>
<td title='org.openapitools.codegen.cmd.GenerateTest.testStrictSpecTrue()'><b>testStrictSpecTrue</b><br>Test class: org.openapitools.codegen.cmd.GenerateTest</td>
<td></td>
<td>0</td>
<td>org.openapitools.codegen.cmd.GenerateTest@60003305</td></tr>
<tr>
<td title='org.openapitools.codegen.cmd.GenerateTest.testTypeMappingsLongMultiple()'><b>testTypeMappingsLongMultiple</b><br>Test class: org.openapitools.codegen.cmd.GenerateTest</td>
<td></td>
<td>0</td>
<td>org.openapitools.codegen.cmd.GenerateTest@60003305</td></tr>
<tr>
<td title='org.openapitools.codegen.cmd.GenerateTest.testPackageName()'><b>testPackageName</b><br>Test class: org.openapitools.codegen.cmd.GenerateTest</td>
<td></td>
<td>0</td>
<td>org.openapitools.codegen.cmd.GenerateTest@60003305</td></tr>
<tr>
<td title='org.openapitools.codegen.cmd.GenerateTest.testInvokerPackage()'><b>testInvokerPackage</b><br>Test class: org.openapitools.codegen.cmd.GenerateTest</td>
<td></td>
<td>0</td>
<td>org.openapitools.codegen.cmd.GenerateTest@60003305</td></tr>
<tr>
<td title='org.openapitools.codegen.cmd.GenerateTest.testConfigYamlShort()'><b>testConfigYamlShort</b><br>Test class: org.openapitools.codegen.cmd.GenerateTest</td>
<td></td>
<td>0</td>
<td>org.openapitools.codegen.cmd.GenerateTest@60003305</td></tr>
<tr>
<td title='org.openapitools.codegen.cmd.GenerateBatchTest.testInvalidDeserializerWithIncludeOption()'><b>testInvalidDeserializerWithIncludeOption</b><br>Test class: org.openapitools.codegen.cmd.GenerateBatchTest</td>
<td><div><pre>java.lang.RuntimeException: Unable to deserialize config file: D:\a\openapi-generator\openapi-generator\modules\openapi-generator-cli\src\test\resources\batch\jaxrs-datelib-j8-yaml-include.json
	at org.openapitools.codegen.config.CodegenConfigurator.readDynamicSettings(CodegenConfigurator.java:195)
	at org.openapitools.codegen.config.CodegenConfigurator.fromFile(CodegenConfigurator.java:96)
	at org.openapitools.codegen.cmd.GenerateBatchTest.testInvalidDeserializerWithIncludeOption(GenerateBatchTest.java:100)
	at java.base/java.util.concurrent.Executors$RunnableAdapter.call(Executors.java:515)
	at java.base/java.util.concurrent.FutureTask.run(FutureTask.java:264)
	at java.base/java.util.concurrent.ThreadPoolExecutor.runWorker(ThreadPoolExecutor.java:1128)
	at java.base/java.util.concurrent.ThreadPoolExecutor$Worker.run(ThreadPoolExecutor.java:628)
	at java.base/java.lang.Thread.run(Thread.java:829)
... Removed 13 stack frames</pre></div><a href='#' onClick='toggleBox("stack-trace1287335245", this, "Click to show all stack frames", "Click to hide stack frames")'>Click to show all stack frames</a>
<div class='stack-trace' id='stack-trace1287335245'><pre>java.lang.RuntimeException: Unable to deserialize config file: D:\a\openapi-generator\openapi-generator\modules\openapi-generator-cli\src\test\resources\batch\jaxrs-datelib-j8-yaml-include.json
	at org.openapitools.codegen.config.CodegenConfigurator.readDynamicSettings(CodegenConfigurator.java:195)
	at org.openapitools.codegen.config.CodegenConfigurator.fromFile(CodegenConfigurator.java:96)
	at org.openapitools.codegen.cmd.GenerateBatchTest.testInvalidDeserializerWithIncludeOption(GenerateBatchTest.java:100)
	at java.base/jdk.internal.reflect.NativeMethodAccessorImpl.invoke0(Native Method)
	at java.base/jdk.internal.reflect.NativeMethodAccessorImpl.invoke(NativeMethodAccessorImpl.java:62)
	at java.base/jdk.internal.reflect.DelegatingMethodAccessorImpl.invoke(DelegatingMethodAccessorImpl.java:43)
	at java.base/java.lang.reflect.Method.invoke(Method.java:566)
	at org.testng.internal.invokers.MethodInvocationHelper.invokeMethod(MethodInvocationHelper.java:141)
	at org.testng.internal.invokers.TestInvoker.invokeMethod(TestInvoker.java:686)
	at org.testng.internal.invokers.TestInvoker.invokeTestMethod(TestInvoker.java:230)
	at org.testng.internal.invokers.MethodRunner.runInSequence(MethodRunner.java:63)
	at org.testng.internal.invokers.TestInvoker$MethodInvocationAgent.invoke(TestInvoker.java:992)
	at org.testng.internal.invokers.TestInvoker.invokeTestMethods(TestInvoker.java:203)
	at org.testng.internal.invokers.TestMethodWorker.invokeTestMethods(TestMethodWorker.java:154)
	at org.testng.internal.invokers.TestMethodWorker.run(TestMethodWorker.java:134)
	at java.base/java.util.concurrent.Executors$RunnableAdapter.call(Executors.java:515)
	at java.base/java.util.concurrent.FutureTask.run(FutureTask.java:264)
	at org.testng.internal.thread.graph.TestNGFutureTask.run(TestNGFutureTask.java:22)
	at java.base/java.util.concurrent.ThreadPoolExecutor.runWorker(ThreadPoolExecutor.java:1128)
	at java.base/java.util.concurrent.ThreadPoolExecutor$Worker.run(ThreadPoolExecutor.java:628)
	at java.base/java.lang.Thread.run(Thread.java:829)
</pre></div></td>
<td>0</td>
<td>org.openapitools.codegen.cmd.GenerateBatchTest@1b3a95d9</td></tr>
<tr>
<td title='org.openapitools.codegen.cmd.GenerateTest.testConfigJsonLong()'><b>testConfigJsonLong</b><br>Test class: org.openapitools.codegen.cmd.GenerateTest</td>
<td></td>
<td>0</td>
<td>org.openapitools.codegen.cmd.GenerateTest@60003305</td></tr>
<tr>
<td title='org.openapitools.codegen.cmd.GenerateBatchTest.testDeserializerWithJsonInclude()'><b>testDeserializerWithJsonInclude</b><br>Test class: org.openapitools.codegen.cmd.GenerateBatchTest<br>Parameters: jaxrs-datelib-j8-nested.yaml</td>
<td></td>
<td>0</td>
<td>org.openapitools.codegen.cmd.GenerateBatchTest@1b3a95d9</td></tr>
<tr>
<td title='org.openapitools.codegen.cmd.GenerateTest.testAuthUnspecified()'><b>testAuthUnspecified</b><br>Test class: org.openapitools.codegen.cmd.GenerateTest</td>
<td></td>
<td>0</td>
<td>org.openapitools.codegen.cmd.GenerateTest@60003305</td></tr>
</table><p>
</body>
</html>